{"/home/ashwin/Projects/workspaceops-backend/src/modules/audit-log/domain/enums/AuditAction.ts": {"path":"/home/ashwin/Projects/workspaceops-backend/src/modules/audit-log/domain/enums/AuditAction.ts","statementMap":{"0":{"start":{"line":1,"column":0},"end":{"line":1,"column":null}},"1":{"start":{"line":3,"column":4},"end":{"line":3,"column":null}},"2":{"start":{"line":4,"column":4},"end":{"line":4,"column":null}},"3":{"start":{"line":7,"column":4},"end":{"line":7,"column":null}},"4":{"start":{"line":8,"column":4},"end":{"line":8,"column":null}},"5":{"start":{"line":9,"column":4},"end":{"line":9,"column":null}},"6":{"start":{"line":10,"column":4},"end":{"line":10,"column":null}},"7":{"start":{"line":13,"column":4},"end":{"line":13,"column":null}},"8":{"start":{"line":14,"column":4},"end":{"line":14,"column":null}},"9":{"start":{"line":15,"column":4},"end":{"line":15,"column":null}},"10":{"start":{"line":18,"column":4},"end":{"line":18,"column":null}},"11":{"start":{"line":19,"column":4},"end":{"line":19,"column":null}},"12":{"start":{"line":20,"column":4},"end":{"line":20,"column":null}},"13":{"start":{"line":21,"column":4},"end":{"line":21,"column":null}},"14":{"start":{"line":24,"column":4},"end":{"line":24,"column":null}},"15":{"start":{"line":25,"column":4},"end":{"line":25,"column":null}},"16":{"start":{"line":26,"column":4},"end":{"line":26,"column":null}},"17":{"start":{"line":29,"column":4},"end":{"line":29,"column":null}},"18":{"start":{"line":30,"column":4},"end":{"line":30,"column":null}},"19":{"start":{"line":31,"column":4},"end":{"line":31,"column":null}},"20":{"start":{"line":32,"column":4},"end":{"line":32,"column":null}},"21":{"start":{"line":33,"column":4},"end":{"line":33,"column":null}},"22":{"start":{"line":34,"column":4},"end":{"line":34,"column":null}},"23":{"start":{"line":35,"column":4},"end":{"line":35,"column":null}},"24":{"start":{"line":36,"column":4},"end":{"line":36,"column":null}}},"fnMap":{"0":{"name":"(anonymous_0)","decl":{"start":{"line":1,"column":0},"end":{"line":1,"column":12}},"loc":{"start":{"line":1,"column":23},"end":{"line":37,"column":1}}}},"branchMap":{"0":{"loc":{"start":{"line":1,"column":12},"end":{"line":1,"column":null}},"type":"binary-expr","locations":[{"start":{"line":1,"column":12},"end":{"line":1,"column":23}},{"start":{"line":1,"column":23},"end":{"line":1,"column":null}}]}},"s":{"0":2,"1":2,"2":2,"3":2,"4":2,"5":2,"6":2,"7":2,"8":2,"9":2,"10":2,"11":2,"12":2,"13":2,"14":2,"15":2,"16":2,"17":2,"18":2,"19":2,"20":2,"21":2,"22":2,"23":2,"24":2},"f":{"0":2},"b":{"0":[2,2]}}
,"/home/ashwin/Projects/workspaceops-backend/src/modules/entity/application/use-cases/CreateEntity.ts": {"path":"/home/ashwin/Projects/workspaceops-backend/src/modules/entity/application/use-cases/CreateEntity.ts","statementMap":{"0":{"start":{"line":3,"column":0},"end":{"line":3,"column":66}},"1":{"start":{"line":4,"column":0},"end":{"line":4,"column":106}},"2":{"start":{"line":5,"column":0},"end":{"line":5,"column":75}},"3":{"start":{"line":7,"column":0},"end":{"line":7,"column":74}},"4":{"start":{"line":26,"column":25},"end":{"line":26,"column":54}},"5":{"start":{"line":27,"column":25},"end":{"line":27,"column":60}},"6":{"start":{"line":28,"column":25},"end":{"line":28,"column":59}},"7":{"start":{"line":33,"column":8},"end":{"line":35,"column":9}},"8":{"start":{"line":34,"column":12},"end":{"line":34,"column":69}},"9":{"start":{"line":38,"column":26},"end":{"line":38,"column":76}},"10":{"start":{"line":39,"column":8},"end":{"line":41,"column":9}},"11":{"start":{"line":40,"column":12},"end":{"line":40,"column":59}},"12":{"start":{"line":44,"column":8},"end":{"line":46,"column":9}},"13":{"start":{"line":45,"column":12},"end":{"line":45,"column":65}},"14":{"start":{"line":48,"column":8},"end":{"line":50,"column":9}},"15":{"start":{"line":49,"column":12},"end":{"line":49,"column":84}},"16":{"start":{"line":53,"column":8},"end":{"line":57,"column":9}},"17":{"start":{"line":54,"column":12},"end":{"line":56,"column":14}},"18":{"start":{"line":60,"column":8},"end":{"line":65,"column":9}},"19":{"start":{"line":61,"column":29},"end":{"line":61,"column":110}},"20":{"start":{"line":62,"column":12},"end":{"line":64,"column":13}},"21":{"start":{"line":63,"column":16},"end":{"line":63,"column":91}},"22":{"start":{"line":68,"column":8},"end":{"line":76,"column":9}},"23":{"start":{"line":69,"column":27},"end":{"line":69,"column":71}},"24":{"start":{"line":70,"column":12},"end":{"line":72,"column":13}},"25":{"start":{"line":71,"column":16},"end":{"line":71,"column":67}},"26":{"start":{"line":73,"column":12},"end":{"line":75,"column":13}},"27":{"start":{"line":74,"column":16},"end":{"line":74,"column":82}},"28":{"start":{"line":79,"column":23},"end":{"line":84,"column":10}},"29":{"start":{"line":87,"column":8},"end":{"line":93,"column":11}},"30":{"start":{"line":95,"column":8},"end":{"line":95,"column":22}},"31":{"start":{"line":24,"column":0},"end":{"line":24,"column":13}}},"fnMap":{"0":{"name":"(anonymous_0)","decl":{"start":{"line":25,"column":4},"end":{"line":25,"column":null}},"loc":{"start":{"line":28,"column":59},"end":{"line":29,"column":9}}},"1":{"name":"(anonymous_1)","decl":{"start":{"line":31,"column":4},"end":{"line":31,"column":9}},"loc":{"start":{"line":31,"column":38},"end":{"line":96,"column":5}}}},"branchMap":{"0":{"loc":{"start":{"line":33,"column":8},"end":{"line":35,"column":9}},"type":"if","locations":[{"start":{"line":33,"column":8},"end":{"line":35,"column":9}}]},"1":{"loc":{"start":{"line":39,"column":8},"end":{"line":41,"column":9}},"type":"if","locations":[{"start":{"line":39,"column":8},"end":{"line":41,"column":9}}]},"2":{"loc":{"start":{"line":44,"column":8},"end":{"line":46,"column":9}},"type":"if","locations":[{"start":{"line":44,"column":8},"end":{"line":46,"column":9}}]},"3":{"loc":{"start":{"line":44,"column":12},"end":{"line":44,"column":53}},"type":"binary-expr","locations":[{"start":{"line":44,"column":12},"end":{"line":44,"column":21}},{"start":{"line":44,"column":25},"end":{"line":44,"column":53}}]},"4":{"loc":{"start":{"line":48,"column":8},"end":{"line":50,"column":9}},"type":"if","locations":[{"start":{"line":48,"column":8},"end":{"line":50,"column":9}}]},"5":{"loc":{"start":{"line":53,"column":8},"end":{"line":57,"column":9}},"type":"if","locations":[{"start":{"line":53,"column":8},"end":{"line":57,"column":9}}]},"6":{"loc":{"start":{"line":60,"column":8},"end":{"line":65,"column":9}},"type":"if","locations":[{"start":{"line":60,"column":8},"end":{"line":65,"column":9}}]},"7":{"loc":{"start":{"line":62,"column":12},"end":{"line":64,"column":13}},"type":"if","locations":[{"start":{"line":62,"column":12},"end":{"line":64,"column":13}}]},"8":{"loc":{"start":{"line":68,"column":8},"end":{"line":76,"column":9}},"type":"if","locations":[{"start":{"line":68,"column":8},"end":{"line":76,"column":9}}]},"9":{"loc":{"start":{"line":70,"column":12},"end":{"line":72,"column":13}},"type":"if","locations":[{"start":{"line":70,"column":12},"end":{"line":72,"column":13}}]},"10":{"loc":{"start":{"line":73,"column":12},"end":{"line":75,"column":13}},"type":"if","locations":[{"start":{"line":73,"column":12},"end":{"line":75,"column":13}}]}},"s":{"0":1,"1":1,"2":1,"3":1,"4":9,"5":9,"6":9,"7":9,"8":1,"9":8,"10":8,"11":2,"12":6,"13":1,"14":5,"15":1,"16":4,"17":1,"18":3,"19":2,"20":2,"21":1,"22":2,"23":0,"24":0,"25":0,"26":0,"27":0,"28":2,"29":2,"30":2,"31":1},"f":{"0":9,"1":9},"b":{"0":[1],"1":[2],"2":[1],"3":[6,6],"4":[1],"5":[1],"6":[2],"7":[1],"8":[0],"9":[0],"10":[0]}}
,"/home/ashwin/Projects/workspaceops-backend/src/modules/entity/application/use-cases/DeleteEntity.ts": {"path":"/home/ashwin/Projects/workspaceops-backend/src/modules/entity/application/use-cases/DeleteEntity.ts","statementMap":{"0":{"start":{"line":2,"column":0},"end":{"line":2,"column":107}},"1":{"start":{"line":3,"column":0},"end":{"line":3,"column":75}},"2":{"start":{"line":5,"column":0},"end":{"line":5,"column":74}},"3":{"start":{"line":22,"column":25},"end":{"line":22,"column":54}},"4":{"start":{"line":23,"column":25},"end":{"line":23,"column":59}},"5":{"start":{"line":28,"column":8},"end":{"line":30,"column":9}},"6":{"start":{"line":29,"column":12},"end":{"line":29,"column":66}},"7":{"start":{"line":33,"column":8},"end":{"line":35,"column":9}},"8":{"start":{"line":34,"column":12},"end":{"line":34,"column":69}},"9":{"start":{"line":38,"column":31},"end":{"line":38,"column":69}},"10":{"start":{"line":39,"column":8},"end":{"line":41,"column":9}},"11":{"start":{"line":40,"column":12},"end":{"line":40,"column":56}},"12":{"start":{"line":44,"column":8},"end":{"line":46,"column":9}},"13":{"start":{"line":45,"column":12},"end":{"line":45,"column":81}},"14":{"start":{"line":49,"column":8},"end":{"line":49,"column":45}},"15":{"start":{"line":52,"column":8},"end":{"line":58,"column":11}},"16":{"start":{"line":20,"column":0},"end":{"line":20,"column":13}}},"fnMap":{"0":{"name":"(anonymous_0)","decl":{"start":{"line":21,"column":4},"end":{"line":21,"column":null}},"loc":{"start":{"line":23,"column":59},"end":{"line":24,"column":9}}},"1":{"name":"(anonymous_1)","decl":{"start":{"line":26,"column":4},"end":{"line":26,"column":9}},"loc":{"start":{"line":26,"column":38},"end":{"line":59,"column":5}}}},"branchMap":{"0":{"loc":{"start":{"line":28,"column":8},"end":{"line":30,"column":9}},"type":"if","locations":[{"start":{"line":28,"column":8},"end":{"line":30,"column":9}}]},"1":{"loc":{"start":{"line":33,"column":8},"end":{"line":35,"column":9}},"type":"if","locations":[{"start":{"line":33,"column":8},"end":{"line":35,"column":9}}]},"2":{"loc":{"start":{"line":39,"column":8},"end":{"line":41,"column":9}},"type":"if","locations":[{"start":{"line":39,"column":8},"end":{"line":41,"column":9}}]},"3":{"loc":{"start":{"line":44,"column":8},"end":{"line":46,"column":9}},"type":"if","locations":[{"start":{"line":44,"column":8},"end":{"line":46,"column":9}}]}},"s":{"0":1,"1":1,"2":1,"3":4,"4":4,"5":4,"6":1,"7":3,"8":0,"9":3,"10":3,"11":1,"12":2,"13":1,"14":1,"15":1,"16":1},"f":{"0":4,"1":4},"b":{"0":[1],"1":[0],"2":[1],"3":[1]}}
,"/home/ashwin/Projects/workspaceops-backend/src/modules/entity/domain/entities/Entity.ts": {"path":"/home/ashwin/Projects/workspaceops-backend/src/modules/entity/domain/entities/Entity.ts","statementMap":{"0":{"start":{"line":1,"column":0},"end":{"line":1,"column":76}},"1":{"start":{"line":7,"column":0},"end":{"line":7,"column":null}},"2":{"start":{"line":8,"column":4},"end":{"line":8,"column":null}},"3":{"start":{"line":9,"column":4},"end":{"line":9,"column":null}},"4":{"start":{"line":10,"column":4},"end":{"line":10,"column":null}},"5":{"start":{"line":11,"column":4},"end":{"line":11,"column":null}},"6":{"start":{"line":28,"column":24},"end":{"line":28,"column":34}},"7":{"start":{"line":29,"column":24},"end":{"line":29,"column":43}},"8":{"start":{"line":30,"column":24},"end":{"line":30,"column":36}},"9":{"start":{"line":31,"column":24},"end":{"line":31,"column":40}},"10":{"start":{"line":32,"column":24},"end":{"line":32,"column":41}},"11":{"start":{"line":33,"column":24},"end":{"line":33,"column":40}},"12":{"start":{"line":35,"column":8},"end":{"line":35,"column":24}},"13":{"start":{"line":39,"column":8},"end":{"line":41,"column":9}},"14":{"start":{"line":40,"column":12},"end":{"line":40,"column":66}},"15":{"start":{"line":43,"column":8},"end":{"line":45,"column":9}},"16":{"start":{"line":44,"column":12},"end":{"line":44,"column":65}},"17":{"start":{"line":47,"column":8},"end":{"line":49,"column":9}},"18":{"start":{"line":48,"column":12},"end":{"line":48,"column":84}},"19":{"start":{"line":51,"column":8},"end":{"line":55,"column":9}},"20":{"start":{"line":52,"column":12},"end":{"line":54,"column":14}},"21":{"start":{"line":66,"column":27},"end":{"line":66,"column":77}},"22":{"start":{"line":67,"column":8},"end":{"line":72,"column":17}},"23":{"start":{"line":26,"column":0},"end":{"line":26,"column":13}}},"fnMap":{"0":{"name":"(anonymous_0)","decl":{"start":{"line":7,"column":0},"end":{"line":7,"column":12}},"loc":{"start":{"line":7,"column":22},"end":{"line":12,"column":1}}},"1":{"name":"(anonymous_1)","decl":{"start":{"line":27,"column":4},"end":{"line":27,"column":null}},"loc":{"start":{"line":33,"column":40},"end":{"line":36,"column":5}}},"2":{"name":"(anonymous_2)","decl":{"start":{"line":38,"column":12},"end":{"line":38,"column":20}},"loc":{"start":{"line":38,"column":20},"end":{"line":56,"column":5}}},"3":{"name":"(anonymous_3)","decl":{"start":{"line":61,"column":4},"end":{"line":61,"column":10}},"loc":{"start":{"line":64,"column":24},"end":{"line":73,"column":5}}}},"branchMap":{"0":{"loc":{"start":{"line":7,"column":12},"end":{"line":7,"column":null}},"type":"binary-expr","locations":[{"start":{"line":7,"column":12},"end":{"line":7,"column":22}},{"start":{"line":7,"column":22},"end":{"line":7,"column":null}}]},"1":{"loc":{"start":{"line":39,"column":8},"end":{"line":41,"column":9}},"type":"if","locations":[{"start":{"line":39,"column":8},"end":{"line":41,"column":9}}]},"2":{"loc":{"start":{"line":39,"column":12},"end":{"line":39,"column":57}},"type":"binary-expr","locations":[{"start":{"line":39,"column":12},"end":{"line":39,"column":29}},{"start":{"line":39,"column":33},"end":{"line":39,"column":57}}]},"3":{"loc":{"start":{"line":43,"column":8},"end":{"line":45,"column":9}},"type":"if","locations":[{"start":{"line":43,"column":8},"end":{"line":45,"column":9}}]},"4":{"loc":{"start":{"line":43,"column":12},"end":{"line":43,"column":43}},"type":"binary-expr","locations":[{"start":{"line":43,"column":12},"end":{"line":43,"column":22}},{"start":{"line":43,"column":26},"end":{"line":43,"column":43}}]},"5":{"loc":{"start":{"line":47,"column":8},"end":{"line":49,"column":9}},"type":"if","locations":[{"start":{"line":47,"column":8},"end":{"line":49,"column":9}}]},"6":{"loc":{"start":{"line":51,"column":8},"end":{"line":55,"column":9}},"type":"if","locations":[{"start":{"line":51,"column":8},"end":{"line":55,"column":9}}]}},"s":{"0":1,"1":1,"2":1,"3":1,"4":1,"5":1,"6":0,"7":0,"8":0,"9":0,"10":0,"11":0,"12":0,"13":0,"14":0,"15":0,"16":0,"17":0,"18":0,"19":0,"20":0,"21":0,"22":0,"23":1},"f":{"0":1,"1":0,"2":0,"3":0},"b":{"0":[1,1],"1":[0],"2":[0,0],"3":[0],"4":[0,0],"5":[0],"6":[0]}}
,"/home/ashwin/Projects/workspaceops-backend/src/shared/domain/errors/AppError.ts": {"path":"/home/ashwin/Projects/workspaceops-backend/src/shared/domain/errors/AppError.ts","statementMap":{"0":{"start":{"line":7,"column":8},"end":{"line":7,"column":23}},"1":{"start":{"line":3,"column":24},"end":{"line":3,"column":39}},"2":{"start":{"line":4,"column":24},"end":{"line":4,"column":45}},"3":{"start":{"line":5,"column":24},"end":{"line":5,"column":49}},"4":{"start":{"line":8,"column":8},"end":{"line":8,"column":42}},"5":{"start":{"line":9,"column":8},"end":{"line":9,"column":56}},"6":{"start":{"line":1,"column":0},"end":{"line":1,"column":13}},"7":{"start":{"line":15,"column":8},"end":{"line":15,"column":28}},"8":{"start":{"line":13,"column":0},"end":{"line":13,"column":13}},"9":{"start":{"line":21,"column":8},"end":{"line":21,"column":28}},"10":{"start":{"line":19,"column":0},"end":{"line":19,"column":13}},"11":{"start":{"line":27,"column":8},"end":{"line":27,"column":28}},"12":{"start":{"line":25,"column":0},"end":{"line":25,"column":13}},"13":{"start":{"line":33,"column":8},"end":{"line":33,"column":28}},"14":{"start":{"line":31,"column":0},"end":{"line":31,"column":13}},"15":{"start":{"line":39,"column":8},"end":{"line":39,"column":28}},"16":{"start":{"line":37,"column":0},"end":{"line":37,"column":13}}},"fnMap":{"0":{"name":"(anonymous_0)","decl":{"start":{"line":2,"column":4},"end":{"line":2,"column":null}},"loc":{"start":{"line":5,"column":53},"end":{"line":10,"column":5}}},"1":{"name":"(anonymous_1)","decl":{"start":{"line":14,"column":4},"end":{"line":14,"column":16}},"loc":{"start":{"line":14,"column":31},"end":{"line":16,"column":5}}},"2":{"name":"(anonymous_2)","decl":{"start":{"line":20,"column":4},"end":{"line":20,"column":16}},"loc":{"start":{"line":20,"column":31},"end":{"line":22,"column":5}}},"3":{"name":"(anonymous_3)","decl":{"start":{"line":26,"column":4},"end":{"line":26,"column":16}},"loc":{"start":{"line":26,"column":48},"end":{"line":28,"column":5}}},"4":{"name":"(anonymous_4)","decl":{"start":{"line":32,"column":4},"end":{"line":32,"column":16}},"loc":{"start":{"line":32,"column":45},"end":{"line":34,"column":5}}},"5":{"name":"(anonymous_5)","decl":{"start":{"line":38,"column":4},"end":{"line":38,"column":16}},"loc":{"start":{"line":38,"column":31},"end":{"line":40,"column":5}}}},"branchMap":{"0":{"loc":{"start":{"line":4,"column":24},"end":{"line":4,"column":48}},"type":"default-arg","locations":[{"start":{"line":4,"column":45},"end":{"line":4,"column":48}}]},"1":{"loc":{"start":{"line":5,"column":24},"end":{"line":5,"column":53}},"type":"default-arg","locations":[{"start":{"line":5,"column":49},"end":{"line":5,"column":53}}]},"2":{"loc":{"start":{"line":26,"column":16},"end":{"line":26,"column":48}},"type":"default-arg","locations":[{"start":{"line":26,"column":34},"end":{"line":26,"column":48}}]},"3":{"loc":{"start":{"line":32,"column":16},"end":{"line":32,"column":45}},"type":"default-arg","locations":[{"start":{"line":32,"column":34},"end":{"line":32,"column":45}}]}},"s":{"0":10,"1":10,"2":10,"3":10,"4":10,"5":10,"6":2,"7":5,"8":2,"9":3,"10":2,"11":0,"12":2,"13":1,"14":2,"15":1,"16":2},"f":{"0":10,"1":5,"2":3,"3":0,"4":1,"5":1},"b":{"0":[0],"1":[10],"2":[0],"3":[0]}}
,"/home/ashwin/Projects/workspaceops-backend/src/shared/utils/ValidationUtils.ts": {"path":"/home/ashwin/Projects/workspaceops-backend/src/shared/utils/ValidationUtils.ts","statementMap":{"0":{"start":{"line":15,"column":0},"end":{"line":15,"column":16}},"1":{"start":{"line":29,"column":0},"end":{"line":29,"column":16}},"2":{"start":{"line":45,"column":0},"end":{"line":45,"column":16}},"3":{"start":{"line":1,"column":0},"end":{"line":1,"column":32}},"4":{"start":{"line":16,"column":4},"end":{"line":18,"column":5}},"5":{"start":{"line":17,"column":8},"end":{"line":17,"column":21}},"6":{"start":{"line":20,"column":4},"end":{"line":20,"column":47}},"7":{"start":{"line":30,"column":4},"end":{"line":32,"column":5}},"8":{"start":{"line":31,"column":8},"end":{"line":31,"column":21}},"9":{"start":{"line":34,"column":23},"end":{"line":34,"column":51}},"10":{"start":{"line":35,"column":4},"end":{"line":35,"column":34}},"11":{"start":{"line":46,"column":4},"end":{"line":48,"column":5}},"12":{"start":{"line":47,"column":8},"end":{"line":47,"column":21}},"13":{"start":{"line":50,"column":4},"end":{"line":50,"column":44}}},"fnMap":{"0":{"name":"isValidObjectId","decl":{"start":{"line":15,"column":16},"end":{"line":15,"column":31}},"loc":{"start":{"line":15,"column":42},"end":{"line":21,"column":1}}},"1":{"name":"isValidEmail","decl":{"start":{"line":29,"column":16},"end":{"line":29,"column":28}},"loc":{"start":{"line":29,"column":42},"end":{"line":36,"column":1}}},"2":{"name":"hasMinLength","decl":{"start":{"line":45,"column":16},"end":{"line":45,"column":28}},"loc":{"start":{"line":45,"column":61},"end":{"line":51,"column":1}}}},"branchMap":{"0":{"loc":{"start":{"line":16,"column":4},"end":{"line":18,"column":5}},"type":"if","locations":[{"start":{"line":16,"column":4},"end":{"line":18,"column":5}}]},"1":{"loc":{"start":{"line":16,"column":8},"end":{"line":16,"column":37}},"type":"binary-expr","locations":[{"start":{"line":16,"column":8},"end":{"line":16,"column":11}},{"start":{"line":16,"column":15},"end":{"line":16,"column":37}}]},"2":{"loc":{"start":{"line":30,"column":4},"end":{"line":32,"column":5}},"type":"if","locations":[{"start":{"line":30,"column":4},"end":{"line":32,"column":5}}]},"3":{"loc":{"start":{"line":30,"column":8},"end":{"line":30,"column":43}},"type":"binary-expr","locations":[{"start":{"line":30,"column":8},"end":{"line":30,"column":14}},{"start":{"line":30,"column":18},"end":{"line":30,"column":43}}]},"4":{"loc":{"start":{"line":46,"column":4},"end":{"line":48,"column":5}},"type":"if","locations":[{"start":{"line":46,"column":4},"end":{"line":48,"column":5}}]},"5":{"loc":{"start":{"line":46,"column":8},"end":{"line":46,"column":43}},"type":"binary-expr","locations":[{"start":{"line":46,"column":8},"end":{"line":46,"column":14}},{"start":{"line":46,"column":18},"end":{"line":46,"column":43}}]}},"s":{"0":2,"1":2,"2":2,"3":2,"4":16,"5":0,"6":16,"7":0,"8":0,"9":0,"10":0,"11":0,"12":0,"13":0},"f":{"0":16,"1":0,"2":0},"b":{"0":[0],"1":[16,16],"2":[0],"3":[0,0],"4":[0],"5":[0,0]}}
}
