TN:
SF:src/modules/audit-log/domain/enums/AuditAction.ts
FN:1,(anonymous_0)
FNF:1
FNH:1
FNDA:2,(anonymous_0)
DA:1,2
DA:3,2
DA:4,2
DA:7,2
DA:8,2
DA:9,2
DA:10,2
DA:13,2
DA:14,2
DA:15,2
DA:18,2
DA:19,2
DA:20,2
DA:21,2
DA:24,2
DA:25,2
DA:26,2
DA:29,2
DA:30,2
DA:31,2
DA:32,2
DA:33,2
DA:34,2
DA:35,2
DA:36,2
LF:25
LH:25
BRDA:1,0,0,2
BRDA:1,0,1,2
BRF:2
BRH:2
end_of_record
TN:
SF:src/modules/entity/application/use-cases/CreateEntity.ts
FN:25,(anonymous_0)
FN:31,(anonymous_1)
FNF:2
FNH:2
FNDA:9,(anonymous_0)
FNDA:9,(anonymous_1)
DA:3,1
DA:4,1
DA:5,1
DA:7,1
DA:24,1
DA:26,9
DA:27,9
DA:28,9
DA:33,9
DA:34,1
DA:38,8
DA:39,8
DA:40,2
DA:44,6
DA:45,1
DA:48,5
DA:49,1
DA:53,4
DA:54,1
DA:60,3
DA:61,2
DA:62,2
DA:63,1
DA:68,2
DA:69,0
DA:70,0
DA:71,0
DA:73,0
DA:74,0
DA:79,2
DA:87,2
DA:95,2
LF:32
LH:27
BRDA:33,0,0,1
BRDA:39,1,0,2
BRDA:44,2,0,1
BRDA:44,3,0,6
BRDA:44,3,1,6
BRDA:48,4,0,1
BRDA:53,5,0,1
BRDA:60,6,0,2
BRDA:62,7,0,1
BRDA:68,8,0,0
BRDA:70,9,0,0
BRDA:73,10,0,0
BRF:12
BRH:9
end_of_record
TN:
SF:src/modules/entity/application/use-cases/DeleteEntity.ts
FN:21,(anonymous_0)
FN:26,(anonymous_1)
FNF:2
FNH:2
FNDA:4,(anonymous_0)
FNDA:4,(anonymous_1)
DA:2,1
DA:3,1
DA:5,1
DA:20,1
DA:22,4
DA:23,4
DA:28,4
DA:29,1
DA:33,3
DA:34,0
DA:38,3
DA:39,3
DA:40,1
DA:44,2
DA:45,1
DA:49,1
DA:52,1
LF:17
LH:16
BRDA:28,0,0,1
BRDA:33,1,0,0
BRDA:39,2,0,1
BRDA:44,3,0,1
BRF:4
BRH:3
end_of_record
TN:
SF:src/modules/entity/domain/entities/Entity.ts
FN:7,(anonymous_0)
FN:27,(anonymous_1)
FN:38,(anonymous_2)
FN:61,(anonymous_3)
FNF:4
FNH:1
FNDA:1,(anonymous_0)
FNDA:0,(anonymous_1)
FNDA:0,(anonymous_2)
FNDA:0,(anonymous_3)
DA:1,1
DA:7,1
DA:8,1
DA:9,1
DA:10,1
DA:11,1
DA:26,1
DA:28,0
DA:29,0
DA:30,0
DA:31,0
DA:32,0
DA:33,0
DA:35,0
DA:39,0
DA:40,0
DA:43,0
DA:44,0
DA:47,0
DA:48,0
DA:51,0
DA:52,0
DA:66,0
DA:67,0
LF:24
LH:7
BRDA:7,0,0,1
BRDA:7,0,1,1
BRDA:39,1,0,0
BRDA:39,2,0,0
BRDA:39,2,1,0
BRDA:43,3,0,0
BRDA:43,4,0,0
BRDA:43,4,1,0
BRDA:47,5,0,0
BRDA:51,6,0,0
BRF:10
BRH:2
end_of_record
TN:
SF:src/shared/domain/errors/AppError.ts
FN:2,(anonymous_0)
FN:14,(anonymous_1)
FN:20,(anonymous_2)
FN:26,(anonymous_3)
FN:32,(anonymous_4)
FN:38,(anonymous_5)
FNF:6
FNH:5
FNDA:10,(anonymous_0)
FNDA:5,(anonymous_1)
FNDA:3,(anonymous_2)
FNDA:0,(anonymous_3)
FNDA:1,(anonymous_4)
FNDA:1,(anonymous_5)
DA:1,2
DA:3,10
DA:4,10
DA:5,10
DA:7,10
DA:8,10
DA:9,10
DA:13,2
DA:15,5
DA:19,2
DA:21,3
DA:25,2
DA:27,0
DA:31,2
DA:33,1
DA:37,2
DA:39,1
LF:17
LH:16
BRDA:4,0,0,0
BRDA:5,1,0,10
BRDA:26,2,0,0
BRDA:32,3,0,0
BRF:4
BRH:1
end_of_record
TN:
SF:src/shared/utils/ValidationUtils.ts
FN:15,isValidObjectId
FN:29,isValidEmail
FN:45,hasMinLength
FNF:3
FNH:1
FNDA:16,isValidObjectId
FNDA:0,isValidEmail
FNDA:0,hasMinLength
DA:1,2
DA:15,2
DA:16,16
DA:17,0
DA:20,16
DA:29,2
DA:30,0
DA:31,0
DA:34,0
DA:35,0
DA:45,2
DA:46,0
DA:47,0
DA:50,0
LF:14
LH:6
BRDA:16,0,0,0
BRDA:16,1,0,16
BRDA:16,1,1,16
BRDA:30,2,0,0
BRDA:30,3,0,0
BRDA:30,3,1,0
BRDA:46,4,0,0
BRDA:46,5,0,0
BRDA:46,5,1,0
BRF:9
BRH:2
end_of_record
